# JRE version: Java(TM) SE Runtime Environment (8.0_231-b11) (build 1.8.0_231-b11)
# Java VM: Java HotSpot(TM) 64-Bit Server VM (25.231-b11 mixed mode windows-amd64 compressed oops)
Heap:
 par new generation   total 314560K, used 90196K [0x00000000c0000000, 0x00000000d5550000, 0x00000000d5550000)
  eden space 279616K,  21% used [0x00000000c0000000, 0x00000000c39d9358, 0x00000000d1110000)
  from space 34944K,  88% used [0x00000000d3330000, 0x00000000d516be18, 0x00000000d5550000)
  to   space 34944K,   0% used [0x00000000d1110000, 0x00000000d1110000, 0x00000000d3330000)
 concurrent mark-sweep generation total 699072K, used 218265K [0x00000000d5550000, 0x0000000100000000, 0x0000000100000000)
 Metaspace       used 49437K, capacity 49865K, committed 50272K, reserved 1093632K
  class space    used 5857K, capacity 5966K, committed 6000K, reserved 1048576K
GC Heap History (10 events):
Event: 29.148 GC heap before
{Heap before GC invocations=17 (full 7):
 par new generation   total 314560K, used 294408K [0x00000000c0000000, 0x00000000d5550000, 0x00000000d5550000)
  eden space 279616K, 100% used [0x00000000c0000000, 0x00000000d1110000, 0x00000000d1110000)
  from space 34944K,  42% used [0x00000000d1110000, 0x00000000d1f821e8, 0x00000000d3330000)
  to   space 34944K,   0% used [0x00000000d3330000, 0x00000000d3330000, 0x00000000d5550000)
 concurrent mark-sweep generation total 699072K, used 205881K [0x00000000d5550000, 0x0000000100000000, 0x0000000100000000)
 Metaspace       used 49112K, capacity 49533K, committed 50016K, reserved 1093632K
  class space    used 5851K, capacity 5964K, committed 6000K, reserved 1048576K
Event: 29.152 GC heap after
Heap after GC invocations=18 (full 7):
 par new generation   total 314560K, used 20661K [0x00000000c0000000, 0x00000000d5550000, 0x00000000d5550000)
  eden space 279616K,   0% used [0x00000000c0000000, 0x00000000c0000000, 0x00000000d1110000)
  from space 34944K,  59% used [0x00000000d3330000, 0x00000000d475d700, 0x00000000d5550000)
  to   space 34944K,   0% used [0x00000000d1110000, 0x00000000d1110000, 0x00000000d3330000)
 concurrent mark-sweep generation total 699072K, used 205881K [0x00000000d5550000, 0x0000000100000000, 0x0000000100000000)
 Metaspace       used 49112K, capacity 49533K, committed 50016K, reserved 1093632K
  class space    used 5851K, capacity 5964K, committed 6000K, reserved 1048576K
}
Event: 31.463 GC heap before
{Heap before GC invocations=18 (full 7):
 par new generation   total 314560K, used 300277K [0x00000000c0000000, 0x00000000d5550000, 0x00000000d5550000)
  eden space 279616K, 100% used [0x00000000c0000000, 0x00000000d1110000, 0x00000000d1110000)
  from space 34944K,  59% used [0x00000000d3330000, 0x00000000d475d700, 0x00000000d5550000)
  to   space 34944K,   0% used [0x00000000d1110000, 0x00000000d1110000, 0x00000000d3330000)
 concurrent mark-sweep generation total 699072K, used 204465K [0x00000000d5550000, 0x0000000100000000, 0x0000000100000000)
 Metaspace       used 49150K, capacity 49539K, committed 50016K, reserved 1093632K
  class space    used 5852K, capacity 5965K, committed 6000K, reserved 1048576K
Event: 31.468 GC heap after
Heap after GC invocations=19 (full 7):
 par new generation   total 314560K, used 20016K [0x00000000c0000000, 0x00000000d5550000, 0x00000000d5550000)
  eden space 279616K,   0% used [0x00000000c0000000, 0x00000000c0000000, 0x00000000d1110000)
  from space 34944K,  57% used [0x00000000d1110000, 0x00000000d249c1b8, 0x00000000d3330000)
  to   space 34944K,   0% used [0x00000000d3330000, 0x00000000d3330000, 0x00000000d5550000)
 concurrent mark-sweep generation total 699072K, used 204465K [0x00000000d5550000, 0x0000000100000000, 0x0000000100000000)
 Metaspace       used 49150K, capacity 49539K, committed 50016K, reserved 1093632K
  class space    used 5852K, capacity 5965K, committed 6000K, reserved 1048576K
}
Event: 34.017 GC heap before
{Heap before GC invocations=19 (full 7):
 par new generation   total 314560K, used 299632K [0x00000000c0000000, 0x00000000d5550000, 0x00000000d5550000)
  eden space 279616K, 100% used [0x00000000c0000000, 0x00000000d1110000, 0x00000000d1110000)
  from space 34944K,  57% used [0x00000000d1110000, 0x00000000d249c1b8, 0x00000000d3330000)
  to   space 34944K,   0% used [0x00000000d3330000, 0x00000000d3330000, 0x00000000d5550000)
 concurrent mark-sweep generation total 699072K, used 204465K [0x00000000d5550000, 0x0000000100000000, 0x0000000100000000)
 Metaspace       used 49264K, capacity 49667K, committed 50016K, reserved 1093632K
  class space    used 5852K, capacity 5965K, committed 6000K, reserved 1048576K
Event: 34.022 GC heap after
Heap after GC invocations=20 (full 7):
 par new generation   total 314560K, used 23593K [0x00000000c0000000, 0x00000000d5550000, 0x00000000d5550000)
  eden space 279616K,   0% used [0x00000000c0000000, 0x00000000c0000000, 0x00000000d1110000)
  from space 34944K,  67% used [0x00000000d3330000, 0x00000000d4a3a550, 0x00000000d5550000)
  to   space 34944K,   0% used [0x00000000d1110000, 0x00000000d1110000, 0x00000000d3330000)
 concurrent mark-sweep generation total 699072K, used 204465K [0x00000000d5550000, 0x0000000100000000, 0x0000000100000000)
 Metaspace       used 49264K, capacity 49667K, committed 50016K, reserved 1093632K
  class space    used 5852K, capacity 5965K, committed 6000K, reserved 1048576K
}
Event: 36.723 GC heap before
{Heap before GC invocations=20 (full 7):
 par new generation   total 314560K, used 303209K [0x00000000c0000000, 0x00000000d5550000, 0x00000000d5550000)
  eden space 279616K, 100% used [0x00000000c0000000, 0x00000000d1110000, 0x00000000d1110000)
  from space 34944K,  67% used [0x00000000d3330000, 0x00000000d4a3a550, 0x00000000d5550000)
  to   space 34944K,   0% used [0x00000000d1110000, 0x00000000d1110000, 0x00000000d3330000)
 concurrent mark-sweep generation total 699072K, used 204465K [0x00000000d5550000, 0x0000000100000000, 0x0000000100000000)
 Metaspace       used 49413K, capacity 49801K, committed 50272K, reserved 1093632K
  class space    used 5857K, capacity 5966K, committed 6000K, reserved 1048576K
Event: 36.732 GC heap after
Heap after GC invocations=21 (full 7):
 par new generation   total 314560K, used 34944K [0x00000000c0000000, 0x00000000d5550000, 0x00000000d5550000)
  eden space 279616K,   0% used [0x00000000c0000000, 0x00000000c0000000, 0x00000000d1110000)
  from space 34944K, 100% used [0x00000000d1110000, 0x00000000d3330000, 0x00000000d3330000)
  to   space 34944K,   0% used [0x00000000d3330000, 0x00000000d3330000, 0x00000000d5550000)
 concurrent mark-sweep generation total 699072K, used 204980K [0x00000000d5550000, 0x0000000100000000, 0x0000000100000000)
 Metaspace       used 49413K, capacity 49801K, committed 50272K, reserved 1093632K
  class space    used 5857K, capacity 5966K, committed 6000K, reserved 1048576K
}
Event: 39.435 GC heap before
{Heap before GC invocations=21 (full 7):
 par new generation   total 314560K, used 314560K [0x00000000c0000000, 0x00000000d5550000, 0x00000000d5550000)
  eden space 279616K, 100% used [0x00000000c0000000, 0x00000000d1110000, 0x00000000d1110000)
  from space 34944K, 100% used [0x00000000d1110000, 0x00000000d3330000, 0x00000000d3330000)
  to   space 34944K,   0% used [0x00000000d3330000, 0x00000000d3330000, 0x00000000d5550000)
 concurrent mark-sweep generation total 699072K, used 204980K [0x00000000d5550000, 0x0000000100000000, 0x0000000100000000)
 Metaspace       used 49437K, capacity 49865K, committed 50272K, reserved 1093632K
  class space    used 5857K, capacity 5966K, committed 6000K, reserved 1048576K
Event: 39.453 GC heap after
Heap after GC invocations=22 (full 7):
 par new generation   total 314560K, used 30959K [0x00000000c0000000, 0x00000000d5550000, 0x00000000d5550000)
  eden space 279616K,   0% used [0x00000000c0000000, 0x00000000c0000000, 0x00000000d1110000)
  from space 34944K,  88% used [0x00000000d3330000, 0x00000000d516be18, 0x00000000d5550000)
  to   space 34944K,   0% used [0x00000000d1110000, 0x00000000d1110000, 0x00000000d3330000)
 concurrent mark-sweep generation total 699072K, used 218265K [0x00000000d5550000, 0x0000000100000000, 0x0000000100000000)
 Metaspace       used 49437K, capacity 49865K, committed 50272K, reserved 1093632K
  class space    used 5857K, capacity 5966K, committed 6000K, reserved 1048576K
}

