# JRE version: Java(TM) SE Runtime Environment (8.0_231-b11) (build 1.8.0_231-b11)
# Java VM: Java HotSpot(TM) 64-Bit Server VM (25.231-b11 mixed mode windows-amd64 compressed oops)
Heap:
 par new generation   total 314560K, used 41679K [0x00000000c0000000, 0x00000000d5550000, 0x00000000d5550000)
  eden space 279616K,  10% used [0x00000000c0000000, 0x00000000c1cec130, 0x00000000d1110000)
  from space 34944K,  34% used [0x00000000d1110000, 0x00000000d1cd7e28, 0x00000000d3330000)
  to   space 34944K,   0% used [0x00000000d3330000, 0x00000000d3330000, 0x00000000d5550000)
 concurrent mark-sweep generation total 699072K, used 210523K [0x00000000d5550000, 0x0000000100000000, 0x0000000100000000)
 Metaspace       used 49402K, capacity 49777K, committed 50272K, reserved 1093632K
  class space    used 5854K, capacity 5962K, committed 6000K, reserved 1048576K
GC Heap History (10 events):
Event: 32.550 GC heap before
{Heap before GC invocations=18 (full 7):
 par new generation   total 314560K, used 307355K [0x00000000c0000000, 0x00000000d5550000, 0x00000000d5550000)
  eden space 279616K, 100% used [0x00000000c0000000, 0x00000000d1110000, 0x00000000d1110000)
  from space 34944K,  79% used [0x00000000d3330000, 0x00000000d4e46e40, 0x00000000d5550000)
  to   space 34944K,   0% used [0x00000000d1110000, 0x00000000d1110000, 0x00000000d3330000)
 concurrent mark-sweep generation total 699072K, used 199486K [0x00000000d5550000, 0x0000000100000000, 0x0000000100000000)
 Metaspace       used 49170K, capacity 49585K, committed 50016K, reserved 1093632K
  class space    used 5853K, capacity 5962K, committed 6000K, reserved 1048576K
Event: 32.563 GC heap after
Heap after GC invocations=19 (full 7):
 par new generation   total 314560K, used 19406K [0x00000000c0000000, 0x00000000d5550000, 0x00000000d5550000)
  eden space 279616K,   0% used [0x00000000c0000000, 0x00000000c0000000, 0x00000000d1110000)
  from space 34944K,  55% used [0x00000000d1110000, 0x00000000d24038c0, 0x00000000d3330000)
  to   space 34944K,   0% used [0x00000000d3330000, 0x00000000d3330000, 0x00000000d5550000)
 concurrent mark-sweep generation total 699072K, used 212080K [0x00000000d5550000, 0x0000000100000000, 0x0000000100000000)
 Metaspace       used 49170K, capacity 49585K, committed 50016K, reserved 1093632K
  class space    used 5853K, capacity 5962K, committed 6000K, reserved 1048576K
}
Event: 35.755 GC heap before
{Heap before GC invocations=19 (full 7):
 par new generation   total 314560K, used 299022K [0x00000000c0000000, 0x00000000d5550000, 0x00000000d5550000)
  eden space 279616K, 100% used [0x00000000c0000000, 0x00000000d1110000, 0x00000000d1110000)
  from space 34944K,  55% used [0x00000000d1110000, 0x00000000d24038c0, 0x00000000d3330000)
  to   space 34944K,   0% used [0x00000000d3330000, 0x00000000d3330000, 0x00000000d5550000)
 concurrent mark-sweep generation total 699072K, used 212080K [0x00000000d5550000, 0x0000000100000000, 0x0000000100000000)
 Metaspace       used 49295K, capacity 49713K, committed 50016K, reserved 1093632K
  class space    used 5853K, capacity 5962K, committed 6000K, reserved 1048576K
Event: 35.758 GC heap after
Heap after GC invocations=20 (full 7):
 par new generation   total 314560K, used 10478K [0x00000000c0000000, 0x00000000d5550000, 0x00000000d5550000)
  eden space 279616K,   0% used [0x00000000c0000000, 0x00000000c0000000, 0x00000000d1110000)
  from space 34944K,  29% used [0x00000000d3330000, 0x00000000d3d6ba30, 0x00000000d5550000)
  to   space 34944K,   0% used [0x00000000d1110000, 0x00000000d1110000, 0x00000000d3330000)
 concurrent mark-sweep generation total 699072K, used 212080K [0x00000000d5550000, 0x0000000100000000, 0x0000000100000000)
 Metaspace       used 49295K, capacity 49713K, committed 50016K, reserved 1093632K
  class space    used 5853K, capacity 5962K, committed 6000K, reserved 1048576K
}
Event: 39.126 GC heap before
{Heap before GC invocations=20 (full 7):
 par new generation   total 314560K, used 290094K [0x00000000c0000000, 0x00000000d5550000, 0x00000000d5550000)
  eden space 279616K, 100% used [0x00000000c0000000, 0x00000000d1110000, 0x00000000d1110000)
  from space 34944K,  29% used [0x00000000d3330000, 0x00000000d3d6ba30, 0x00000000d5550000)
  to   space 34944K,   0% used [0x00000000d1110000, 0x00000000d1110000, 0x00000000d3330000)
 concurrent mark-sweep generation total 699072K, used 210523K [0x00000000d5550000, 0x0000000100000000, 0x0000000100000000)
 Metaspace       used 49364K, capacity 49777K, committed 50272K, reserved 1093632K
  class space    used 5854K, capacity 5962K, committed 6000K, reserved 1048576K
Event: 39.129 GC heap after
Heap after GC invocations=21 (full 7):
 par new generation   total 314560K, used 11359K [0x00000000c0000000, 0x00000000d5550000, 0x00000000d5550000)
  eden space 279616K,   0% used [0x00000000c0000000, 0x00000000c0000000, 0x00000000d1110000)
  from space 34944K,  32% used [0x00000000d1110000, 0x00000000d1c27ff8, 0x00000000d3330000)
  to   space 34944K,   0% used [0x00000000d3330000, 0x00000000d3330000, 0x00000000d5550000)
 concurrent mark-sweep generation total 699072K, used 210523K [0x00000000d5550000, 0x0000000100000000, 0x0000000100000000)
 Metaspace       used 49364K, capacity 49777K, committed 50272K, reserved 1093632K
  class space    used 5854K, capacity 5962K, committed 6000K, reserved 1048576K
}
Event: 42.357 GC heap before
{Heap before GC invocations=21 (full 7):
 par new generation   total 314560K, used 290975K [0x00000000c0000000, 0x00000000d5550000, 0x00000000d5550000)
  eden space 279616K, 100% used [0x00000000c0000000, 0x00000000d1110000, 0x00000000d1110000)
  from space 34944K,  32% used [0x00000000d1110000, 0x00000000d1c27ff8, 0x00000000d3330000)
  to   space 34944K,   0% used [0x00000000d3330000, 0x00000000d3330000, 0x00000000d5550000)
 concurrent mark-sweep generation total 699072K, used 210523K [0x00000000d5550000, 0x0000000100000000, 0x0000000100000000)
 Metaspace       used 49372K, capacity 49777K, committed 50272K, reserved 1093632K
  class space    used 5854K, capacity 5962K, committed 6000K, reserved 1048576K
Event: 42.360 GC heap after
Heap after GC invocations=22 (full 7):
 par new generation   total 314560K, used 11725K [0x00000000c0000000, 0x00000000d5550000, 0x00000000d5550000)
  eden space 279616K,   0% used [0x00000000c0000000, 0x00000000c0000000, 0x00000000d1110000)
  from space 34944K,  33% used [0x00000000d3330000, 0x00000000d3ea3500, 0x00000000d5550000)
  to   space 34944K,   0% used [0x00000000d1110000, 0x00000000d1110000, 0x00000000d3330000)
 concurrent mark-sweep generation total 699072K, used 210523K [0x00000000d5550000, 0x0000000100000000, 0x0000000100000000)
 Metaspace       used 49372K, capacity 49777K, committed 50272K, reserved 1093632K
  class space    used 5854K, capacity 5962K, committed 6000K, reserved 1048576K
}
Event: 45.493 GC heap before
{Heap before GC invocations=22 (full 7):
 par new generation   total 314560K, used 291341K [0x00000000c0000000, 0x00000000d5550000, 0x00000000d5550000)
  eden space 279616K, 100% used [0x00000000c0000000, 0x00000000d1110000, 0x00000000d1110000)
  from space 34944K,  33% used [0x00000000d3330000, 0x00000000d3ea3500, 0x00000000d5550000)
  to   space 34944K,   0% used [0x00000000d1110000, 0x00000000d1110000, 0x00000000d3330000)
 concurrent mark-sweep generation total 699072K, used 210523K [0x00000000d5550000, 0x0000000100000000, 0x0000000100000000)
 Metaspace       used 49400K, capacity 49777K, committed 50272K, reserved 1093632K
  class space    used 5854K, capacity 5962K, committed 6000K, reserved 1048576K
Event: 45.496 GC heap after
Heap after GC invocations=23 (full 7):
 par new generation   total 314560K, used 12063K [0x00000000c0000000, 0x00000000d5550000, 0x00000000d5550000)
  eden space 279616K,   0% used [0x00000000c0000000, 0x00000000c0000000, 0x00000000d1110000)
  from space 34944K,  34% used [0x00000000d1110000, 0x00000000d1cd7e28, 0x00000000d3330000)
  to   space 34944K,   0% used [0x00000000d3330000, 0x00000000d3330000, 0x00000000d5550000)
 concurrent mark-sweep generation total 699072K, used 210523K [0x00000000d5550000, 0x0000000100000000, 0x0000000100000000)
 Metaspace       used 49400K, capacity 49777K, committed 50272K, reserved 1093632K
  class space    used 5854K, capacity 5962K, committed 6000K, reserved 1048576K
}

